<?xml version="1.0" encoding="UTF-8"?>
<testsuite xmlns:xsi="http://www.w3.org/2001/XMLSchema-instance" xsi:noNamespaceSchemaLocation="https://maven.apache.org/surefire/maven-surefire-plugin/xsd/surefire-test-report-3.0.xsd" version="3.0" name="TestSuite" time="4.665" tests="2" errors="0" skipped="0" failures="0">
  <properties>
[...]
</properties>
  <testcase name="runScenario[&quot;Verify login is successful&quot;, &quot;Login Module&quot;](1)" classname="com.bdd.runners.LoginModuleRunner" time="3.141">
    <system-out><![CDATA[Our Execution Environment is:stage
Our Execution Environment is:stage
]]></system-out>
    <system-err><![CDATA[Starting ChromeDriver 2.41.578700 (2f1ed5f9343c13f7314S45t38f15c00b370eda6706) on port 4982
Only local connections are allowed.
arting ChromeDriver 2.41.578700 (2f1ed5f9343c13f73144538f15c00b370eda6706) on port 21844
Only local connections are allowed.
Feb 19, 2023 7:41:08 AM org.openqa.selenium.remote.ProtocolHandshake createSession
INFO: Detected dialect: OSS
Feb 19, 2023 7:41:08 AM org.openqa.selenium.remote.ProtocolHandshake createSession
INFO: Detected dialect: OSS
]]></system-err>
  </testcase>
  <testcase name="runScenario[&quot;Add the product and give personal info and make the payment to order the product successfully&quot;, &quot;Checkout Module&quot;](2)" classname="com.bdd.runners.LoginModuleRunner" time="3.943"/>
</testsuite>