<?xml version="1.0" encoding="UTF-8"?>
<testng-results skipped="0" failed="0" ignored="0" total="2" passed="2">
  <reporter-output>
  </reporter-output>
  <suite name="E2E test Suite" duration-ms="13483" started-at="2023-02-16T09:16:37 UTC" finished-at="2023-02-16T09:16:50 UTC">
    <groups>
    </groups>
    <test name="E2E Test" duration-ms="13483" started-at="2023-02-16T09:16:37 UTC" finished-at="2023-02-16T09:16:50 UTC">
      <class name="testcases.CheckoutTest">
        <test-method status="PASS" signature="setup()[pri:0, instance:testcases.CheckoutTest@27a5f880]" name="setup" is-config="true" duration-ms="3285" started-at="2023-02-16T09:16:37 UTC" finished-at="2023-02-16T09:16:40 UTC">
          <reporter-output>
          </reporter-output>
        </test-method> <!-- setup -->
        <test-method status="PASS" signature="Paymentpg()[pri:0, instance:testcases.CheckoutTest@27a5f880]" name="Paymentpg" duration-ms="10061" started-at="2023-02-16T09:16:40 UTC" finished-at="2023-02-16T09:16:50 UTC">
          <reporter-output>
          </reporter-output>
        </test-method> <!-- Paymentpg -->
        <test-method status="PASS" signature="cleanupActivities()[pri:0, instance:testcases.CheckoutTest@27a5f880]" name="cleanupActivities" is-config="true" duration-ms="102" started-at="2023-02-16T09:16:50 UTC" finished-at="2023-02-16T09:16:50 UTC">
          <reporter-output>
          </reporter-output>
        </test-method> <!-- cleanupActivities -->
      </class> <!-- testcases.CheckoutTest -->
      <class name="testcases.LoginTest">
        <test-method status="PASS" signature="setup()[pri:0, instance:testcases.LoginTest@394e1a0f]" name="setup" is-config="true" duration-ms="3278" started-at="2023-02-16T09:16:37 UTC" finished-at="2023-02-16T09:16:40 UTC">
          <reporter-output>
          </reporter-output>
        </test-method> <!-- setup -->
        <test-method status="PASS" signature="login()[pri:0, instance:testcases.LoginTest@394e1a0f]" name="login" duration-ms="5797" started-at="2023-02-16T09:16:40 UTC" finished-at="2023-02-16T09:16:46 UTC">
          <reporter-output>
          </reporter-output>
        </test-method> <!-- login -->
        <test-method status="PASS" signature="cleanupActivities()[pri:0, instance:testcases.LoginTest@394e1a0f]" name="cleanupActivities" is-config="true" duration-ms="107" started-at="2023-02-16T09:16:46 UTC" finished-at="2023-02-16T09:16:46 UTC">
          <reporter-output>
          </reporter-output>
        </test-method> <!-- cleanupActivities -->
      </class> <!-- testcases.LoginTest -->
    </test> <!-- E2E Test -->
  </suite> <!-- E2E test Suite -->
</testng-results>
