<?xml version="1.0" encoding="UTF-8"?>
<testng-results skipped="0" failed="0" ignored="0" total="1" passed="1">
  <reporter-output>
  </reporter-output>
  <suite name="Default suite" duration-ms="13128" started-at="2023-02-17T09:36:48 UTC" finished-at="2023-02-17T09:37:02 UTC">
    <groups>
    </groups>
    <test name="Default test" duration-ms="13128" started-at="2023-02-17T09:36:48 UTC" finished-at="2023-02-17T09:37:02 UTC">
      <class name="testcases.CheckoutTest">
        <test-method status="PASS" signature="setup()[pri:0, instance:testcases.CheckoutTest@3aeaafa6]" name="setup" is-config="true" duration-ms="3354" started-at="2023-02-17T09:36:48 UTC" finished-at="2023-02-17T09:36:52 UTC">
          <reporter-output>
          </reporter-output>
        </test-method> <!-- setup -->
        <test-method status="PASS" signature="Paymentpg()[pri:0, instance:testcases.CheckoutTest@3aeaafa6]" name="Paymentpg" duration-ms="9620" started-at="2023-02-17T09:36:52 UTC" finished-at="2023-02-17T09:37:01 UTC">
          <reporter-output>
          </reporter-output>
        </test-method> <!-- Paymentpg -->
        <test-method status="PASS" signature="cleanupActivities()[pri:0, instance:testcases.CheckoutTest@3aeaafa6]" name="cleanupActivities" is-config="true" duration-ms="112" started-at="2023-02-17T09:37:01 UTC" finished-at="2023-02-17T09:37:02 UTC">
          <reporter-output>
          </reporter-output>
        </test-method> <!-- cleanupActivities -->
      </class> <!-- testcases.CheckoutTest -->
    </test> <!-- Default test -->
  </suite> <!-- Default suite -->
</testng-results>
