<?xml version="1.0" encoding="UTF-8"?>
<testng-results skipped="0" failed="0" ignored="0" total="2" passed="2">
  <reporter-output>
  </reporter-output>
  <suite name="E2E Test Suite" duration-ms="5174" started-at="2023-02-19T06:49:20 UTC" finished-at="2023-02-19T06:49:25 UTC">
    <groups>
      <group name="cucumber">
        <method signature="AbstractTestNGCucumberTests.runScenario(io.cucumber.testng.PickleEventWrapper, io.cucumber.testng.CucumberFeatureWrapper)[pri:0, instance:com.bdd.runners.LoginModuleRunner@69b0fd6f]" name="runScenario" class="io.cucumber.testng.AbstractTestNGCucumberTests"/>
      </group> <!-- cucumber -->
    </groups>
    <test name="E2E Tests" duration-ms="5174" started-at="2023-02-19T06:49:20 UTC" finished-at="2023-02-19T06:49:25 UTC">
      <class name="com.bdd.runners.LoginModuleRunner">
        <test-method status="PASS" signature="setUpClass()[pri:0, instance:com.bdd.runners.LoginModuleRunner@69b0fd6f]" name="setUpClass" is-config="true" duration-ms="124" started-at="2023-02-19T06:49:20 UTC" finished-at="2023-02-19T06:49:20 UTC">
          <reporter-output>
          </reporter-output>
        </test-method> <!-- setUpClass -->
        <test-method status="PASS" signature="runScenario(io.cucumber.testng.PickleEventWrapper, io.cucumber.testng.CucumberFeatureWrapper)[pri:0, instance:com.bdd.runners.LoginModuleRunner@69b0fd6f]" name="runScenario" duration-ms="4076" started-at="2023-02-19T06:49:21 UTC" description="Runs Cucumber Scenarios" data-provider="scenarios" finished-at="2023-02-19T06:49:25 UTC">
          <params>
            <param index="0">
              <value>
                <![CDATA["Verify login is successful"]]>
              </value>
            </param>
            <param index="1">
              <value>
                <![CDATA["Login Module"]]>
              </value>
            </param>
          </params>
          <reporter-output>
          </reporter-output>
        </test-method> <!-- runScenario -->
        <test-method status="PASS" signature="runScenario(io.cucumber.testng.PickleEventWrapper, io.cucumber.testng.CucumberFeatureWrapper)[pri:0, instance:com.bdd.runners.LoginModuleRunner@69b0fd6f]" name="runScenario" duration-ms="4902" started-at="2023-02-19T06:49:21 UTC" description="Runs Cucumber Scenarios" data-provider="scenarios" finished-at="2023-02-19T06:49:25 UTC">
          <params>
            <param index="0">
              <value>
                <![CDATA["Add the product and give personal info and make the payment to order the product successfully"]]>
              </value>
            </param>
            <param index="1">
              <value>
                <![CDATA["Checkout Module"]]>
              </value>
            </param>
          </params>
          <reporter-output>
          </reporter-output>
        </test-method> <!-- runScenario -->
        <test-method status="PASS" signature="tearDownClass()[pri:0, instance:com.bdd.runners.LoginModuleRunner@69b0fd6f]" name="tearDownClass" is-config="true" duration-ms="73" started-at="2023-02-19T06:49:25 UTC" finished-at="2023-02-19T06:49:25 UTC">
          <reporter-output>
          </reporter-output>
        </test-method> <!-- tearDownClass -->
      </class> <!-- com.bdd.runners.LoginModuleRunner -->
    </test> <!-- E2E Tests -->
  </suite> <!-- E2E Test Suite -->
</testng-results>
